<?xml version="1.0" encoding="UTF-8"?>
<testng-results skipped="0" failed="0" ignored="0" total="1" passed="1">
  <reporter-output>
  </reporter-output>
  <suite name="Default suite" duration-ms="3502" started-at="2018-05-04T14:14:36Z" finished-at="2018-05-04T14:14:39Z">
    <groups>
    </groups>
    <test name="Default test" duration-ms="3502" started-at="2018-05-04T14:14:36Z" finished-at="2018-05-04T14:14:39Z">
      <class name="StepDefinition.Takescreenshot">
        <test-method status="PASS" signature="screenshot()[pri:0, instance:StepDefinition.Takescreenshot@2db087]" name="screenshot" duration-ms="3442" started-at="2018-05-04T14:14:36Z" finished-at="2018-05-04T14:14:39Z">
          <reporter-output>
          </reporter-output>
        </test-method> <!-- screenshot -->
      </class> <!-- StepDefinition.Takescreenshot -->
    </test> <!-- Default test -->
  </suite> <!-- Default suite -->
</testng-results>
