<?xml version="1.0" encoding="UTF-8" ?>
<testsuite tests="5" failures="0" name="TestSuite" time="1,884.779" errors="0" skipped="0">
  <properties>
[...]
</properties>
  <testcase classname="com.falcon.TestCases.TC_001_Avoka_AccountCreation_Flow" name="Avoka_TC_001_Approve ON DATASET1 *** DESKTOP ***   ***   *** CHROME" time="300.634"/>
  <testcase classname="com.falcon.TestCases.TC_002_Avoka_Decline_Flow" name="Avoka_TC_002_Decline ON DATASET1 *** DESKTOP ***   ***   *** CHROME" time="137.619"/>
  <testcase classname="com.falcon.TestCases.TC_002_Avoka_Decline_Flow" name="Avoka_TC_002_Decline ON DATASET2 *** MOBILE *** IOS *** 14.3 *** SAFARI" time="397.308"/>
  <testcase classname="com.falcon.TestCases.TC_002_Avoka_Decline_Flow" name="Avoka_TC_002_Decline ON DATASET3 *** MOBILE *** ANDROID *** 8.1 *** CHROME" time="346.433"/>
  <testcase classname="com.falcon.TestCases.TC_002_Avoka_Decline_Flow" name="Avoka_TC_002_Decline ON DATASET4 *** IPAD *** IOS *** 14.3 *** SAFARI" time="464.532"/>
</testsuite>